<?xml version="1.0" encoding="UTF-8"?>
<testsuite xmlns:xsi="http://www.w3.org/2001/XMLSchema-instance" xsi:noNamespaceSchemaLocation="https://maven.apache.org/surefire/maven-surefire-plugin/xsd/surefire-test-report.xsd" name="edu.sc.bse3211.meetingplanner.CalendarTest" time="0.277" tests="13" errors="0" skipped="0" failures="0">
  <properties>
[...]
</properties>
  <testcase name="testIsBusy_invalidHour" classname="edu.sc.bse3211.meetingplanner.CalendarTest" time="0.019"/>
  <testcase name="testPrintAgenda_day" classname="edu.sc.bse3211.meetingplanner.CalendarTest" time="0"/>
  <testcase name="testAddMeeting_holiday" classname="edu.sc.bse3211.meetingplanner.CalendarTest" time="0"/>
  <testcase name="testRemoveMeeting" classname="edu.sc.bse3211.meetingplanner.CalendarTest" time="0"/>
  <testcase name="testAddMeeting_timeConflict" classname="edu.sc.bse3211.meetingplanner.CalendarTest" time="0"/>
  <testcase name="testClearSchedule" classname="edu.sc.bse3211.meetingplanner.CalendarTest" time="0"/>
  <testcase name="testAddMeeting_invalidMonth" classname="edu.sc.bse3211.meetingplanner.CalendarTest" time="0.001"/>
  <testcase name="testIsBusy_withMeeting" classname="edu.sc.bse3211.meetingplanner.CalendarTest" time="0.002"/>
  <testcase name="testAddMeeting_nonExistentDay" classname="edu.sc.bse3211.meetingplanner.CalendarTest" time="0.001"/>
  <testcase name="testAddMeeting_invalidTime" classname="edu.sc.bse3211.meetingplanner.CalendarTest" time="0.002"/>
  <testcase name="testAddMeeting_invalidDay" classname="edu.sc.bse3211.meetingplanner.CalendarTest" time="0"/>
  <testcase name="testIsBusy_noMeetings" classname="edu.sc.bse3211.meetingplanner.CalendarTest" time="0.002"/>
  <testcase name="testPrintAgenda_month" classname="edu.sc.bse3211.meetingplanner.CalendarTest" time="0.001"/>
</testsuite>