<?xml version="1.0" encoding="UTF-8"?>
<testsuite xmlns:xsi="http://www.w3.org/2001/XMLSchema-instance" xsi:noNamespaceSchemaLocation="https://maven.apache.org/surefire/maven-surefire-plugin/xsd/surefire-test-report.xsd" name="edu.sc.bse3211.meetingplanner.MeetingTest" time="0.048" tests="13" errors="0" skipped="0" failures="0">
  <properties>
[...]
</properties>
  <testcase name="testTimeSettings" classname="edu.sc.bse3211.meetingplanner.MeetingTest" time="0"/>
  <testcase name="testWholeDayConstructor" classname="edu.sc.bse3211.meetingplanner.MeetingTest" time="0"/>
  <testcase name="testAddAttendee" classname="edu.sc.bse3211.meetingplanner.MeetingTest" time="0"/>
  <testcase name="testMonthBoundaries" classname="edu.sc.bse3211.meetingplanner.MeetingTest" time="0"/>
  <testcase name="testTimeRangeConstructor" classname="edu.sc.bse3211.meetingplanner.MeetingTest" time="0"/>
  <testcase name="testFullConstructor" classname="edu.sc.bse3211.meetingplanner.MeetingTest" time="0"/>
  <testcase name="testWholeDayWithDescriptionConstructor" classname="edu.sc.bse3211.meetingplanner.MeetingTest" time="0"/>
  <testcase name="testDayBoundaries" classname="edu.sc.bse3211.meetingplanner.MeetingTest" time="0"/>
  <testcase name="testRoomAssignment" classname="edu.sc.bse3211.meetingplanner.MeetingTest" time="0.002"/>
  <testcase name="testDescriptionHandling" classname="edu.sc.bse3211.meetingplanner.MeetingTest" time="0.001"/>
  <testcase name="testToStringFormat" classname="edu.sc.bse3211.meetingplanner.MeetingTest" time="0.038"/>
  <testcase name="testRemoveAttendee" classname="edu.sc.bse3211.meetingplanner.MeetingTest" time="0.003"/>
  <testcase name="testDefaultConstructor" classname="edu.sc.bse3211.meetingplanner.MeetingTest" time="0"/>
</testsuite>