<?xml version="1.0" encoding="UTF-8"?>
<testsuite xmlns:xsi="http://www.w3.org/2001/XMLSchema-instance" xsi:noNamespaceSchemaLocation="https://maven.apache.org/surefire/maven-surefire-plugin/xsd/surefire-test-report.xsd" name="edu.sc.bse3211.meetingplanner.MeetingTest" time="0.255" tests="24" errors="0" skipped="0" failures="0">
  <properties>
[...]
</properties>
  <testcase name="testAllDayMeetingCreation" classname="edu.sc.bse3211.meetingplanner.MeetingTest" time="0.012"/>
  <testcase name="testMeetingEndTimeLessThanStartTime" classname="edu.sc.bse3211.meetingplanner.MeetingTest" time="0.001"/>
  <testcase name="testMeetingStartTimeEqualToZero" classname="edu.sc.bse3211.meetingplanner.MeetingTest" time="0"/>
  <testcase name="testToStringTimedMeeting" classname="edu.sc.bse3211.meetingplanner.MeetingTest" time="0"/>
  <testcase name="testMeetingLastDayOfMonth" classname="edu.sc.bse3211.meetingplanner.MeetingTest" time="0.006"/>
  <testcase name="testAddAttendee" classname="edu.sc.bse3211.meetingplanner.MeetingTest" time="0"/>
  <testcase name="testMeetingFullDayTimed" classname="edu.sc.bse3211.meetingplanner.MeetingTest" time="0"/>
  <testcase name="testRemoveAttendeeWithNullAttendees" classname="edu.sc.bse3211.meetingplanner.MeetingTest" time="0.001"/>
  <testcase name="testMeetingNullAttendees" classname="edu.sc.bse3211.meetingplanner.MeetingTest" time="0"/>
  <testcase name="testMeetingStartTimeGreaterThan23" classname="edu.sc.bse3211.meetingplanner.MeetingTest" time="0.001"/>
  <testcase name="testMeetingLeapYear" classname="edu.sc.bse3211.meetingplanner.MeetingTest" time="0.001"/>
  <testcase name="testMeetingLastDayOf30DayMonth" classname="edu.sc.bse3211.meetingplanner.MeetingTest" time="0"/>
  <testcase name="testAddAttendeeWithNullAttendees" classname="edu.sc.bse3211.meetingplanner.MeetingTest" time="0.001"/>
  <testcase name="testMeetingStartTimeEqualTo23" classname="edu.sc.bse3211.meetingplanner.MeetingTest" time="0.003"/>
  <testcase name="testMeetingNullRoom" classname="edu.sc.bse3211.meetingplanner.MeetingTest" time="0"/>
  <testcase name="testMeetingInvalidTime" classname="edu.sc.bse3211.meetingplanner.MeetingTest" time="0.004"/>
  <testcase name="testMeetingMinimalDuration" classname="edu.sc.bse3211.meetingplanner.MeetingTest" time="0"/>
  <testcase name="testMeetingEmptyAttendees" classname="edu.sc.bse3211.meetingplanner.MeetingTest" time="0"/>
  <testcase name="testMeetingNegativeStartTime" classname="edu.sc.bse3211.meetingplanner.MeetingTest" time="0.002"/>
  <testcase name="testMeetingFirstDayOfMonth" classname="edu.sc.bse3211.meetingplanner.MeetingTest" time="0"/>
  <testcase name="testMeetingNonLeapYear" classname="edu.sc.bse3211.meetingplanner.MeetingTest" time="0.002"/>
  <testcase name="testTimedMeetingCreation" classname="edu.sc.bse3211.meetingplanner.MeetingTest" time="0"/>
  <testcase name="testRemoveAttendee" classname="edu.sc.bse3211.meetingplanner.MeetingTest" time="0"/>
  <testcase name="testMeetingStartTimeEqualToEndTime" classname="edu.sc.bse3211.meetingplanner.MeetingTest" time="0"/>
</testsuite>